Release 14.7 - xst P.20131013 (nt64)
Copyright (c) 1995-2013 Xilinx, Inc.  All rights reserved.
--> Parameter xsthdpdir set to Z:/Documents/Code/VHDL/manifesto/manifesto.srcs/sources_1/ip/linebuffer/tmp/_cg/_dbg/linebuffer_xsd


Total REAL time to Xst completion: 0.00 secs
Total CPU time to Xst completion: 0.09 secs
 
--> WARNING:Xst:1583 - You are using an internal switch '-use_new_parser'.
Reading design: Z:/Documents/Code/VHDL/manifesto/manifesto.srcs/sources_1/ip/linebuffer/tmp/_cg/_dbg/linebuffer.prj

TABLE OF CONTENTS
  1) Synthesis Options Summary
  2) HDL Parsing
  3) HDL Elaboration
  4) HDL Synthesis
       4.1) HDL Synthesis Report
  5) Advanced HDL Synthesis
       5.1) Advanced HDL Synthesis Report
  6) Low Level Synthesis
  7) Partition Report
  8) Design Summary
       8.1) Primitive and Black Box Usage
       8.2) Device utilization summary
       8.3) Partition Resource Summary
       8.4) Timing Report
            8.4.1) Clock Information
            8.4.2) Asynchronous Control Signals Information
            8.4.3) Timing Summary
            8.4.4) Timing Details
            8.4.5) Cross Clock Domains Report


=========================================================================
*                      Synthesis Options Summary                        *
=========================================================================
---- Source Parameters
Input File Name                    : "Z:/Documents/Code/VHDL/manifesto/manifesto.srcs/sources_1/ip/linebuffer/tmp/_cg/_dbg/linebuffer.prj"
Input Format                       : VHDL

---- Target Parameters
Output Format                      : NGC
Output File Name                   : "Z:/Documents/Code/VHDL/manifesto/manifesto.srcs/sources_1/ip/linebuffer/tmp/_cg/_dbg/linebuffer.ngc"
Target Device                      : xc6slx25-3csg324

---- Source Options
Work Library                       : work
Entity Name                        : linebuffer
Architecture Name                  : spartan6
Top Module Name                    : linebuffer
Use New Parser                     : yes

---- Target Options
Add IO Buffers                     : NO

---- General Options
Bus Delimiter                      : <>
Library Search Order               : "Z:/Documents/Code/VHDL/manifesto/manifesto.srcs/sources_1/ip/linebuffer/tmp/_cg/_dbg/_default.lso"

=========================================================================

WARNING:Xst:29 - Optimization Effort not specified
The following parameters have been added:
Optimization Goal                  : SPEED

=========================================================================
