INFO:coreutil:879 - Reloading repositories because of a changed repository
   configuration.
INFO:coreutil:877 - Reloaded all repositories after a full directory search.
INFO:sim:172 - Generating IP...
Applying current project options...
Finished applying current project options.
Resolving generics for 'linebuffer'...
WARNING:sim - A core named 'linebuffer' already exists in the project. Output
   products for this core may be overwritten.
Applying external generics to 'linebuffer'...
Delivering associated files for 'linebuffer'...
Delivering EJava files for 'linebuffer'...
Generating implementation netlist for 'linebuffer'...
INFO:sim - Pre-processing HDL files for 'linebuffer'...
Running synthesis for 'linebuffer'
Running ngcbuild...
Writing VEO instantiation template for 'linebuffer'...
Writing Verilog behavioral simulation model for 'linebuffer'...
WARNING:sim - Overwriting existing file C:/Users/Ben
   Petroski/Documents/manifesto/manifesto.srcs/sources_1/ip/linebuffer/tmp/_cg/l
   inebuffer/doc/blk_mem_gen_v7_3_vinfo.html with file from view
   xilinx_documentation
Delivered 1 file into directory C:/Users/Ben
Petroski/Documents/manifesto/manifesto.srcs/sources_1/ip/linebuffer/tmp/_cg/line
buffer
Generating ASY schematic symbol...
INFO:sim:949 - Finished generation of ASY schematic symbol.
Generating metadata file...
Generating ISE project file for 'linebuffer'...
Generating ISE project...
XCO file found: linebuffer.xco
XMDF file found: linebuffer_xmdf.tcl
Adding C:/Users/Ben
Petroski/Documents/manifesto/manifesto.srcs/sources_1/ip/linebuffer/tmp/_cg/line
buffer.asy -view all -origin_type imported
Adding C:/Users/Ben
Petroski/Documents/manifesto/manifesto.srcs/sources_1/ip/linebuffer/tmp/_cg/line
buffer.ngc -view all -origin_type created
Checking file "C:/Users/Ben
Petroski/Documents/manifesto/manifesto.srcs/sources_1/ip/linebuffer/tmp/_cg/line
buffer.ngc" for project device match ...
File "C:/Users/Ben
Petroski/Documents/manifesto/manifesto.srcs/sources_1/ip/linebuffer/tmp/_cg/line
buffer.ngc" device information matches project device.
Adding C:/Users/Ben
Petroski/Documents/manifesto/manifesto.srcs/sources_1/ip/linebuffer/tmp/_cg/line
buffer.v -view all -origin_type created
INFO:HDLCompiler:1845 - Analyzing Verilog file "C:/Users/Ben
   Petroski/Documents/manifesto/manifesto.srcs/sources_1/ip/linebuffer/tmp/_cg/l
   inebuffer.v" into library work
INFO:ProjectMgmt - Parsing design hierarchy completed successfully.
Adding C:/Users/Ben
Petroski/Documents/manifesto/manifesto.srcs/sources_1/ip/linebuffer/tmp/_cg/line
buffer.veo -view all -origin_type imported
INFO:TclTasksC:2116 - The automatic calculation of top has been turned-off.
   Please set the new top explicitly by running the "project set top" command.
   To re-calculate the new top automatically, set the "Auto Implementation Top"
   property to true.
Top level has been set to "/linebuffer"
Generating README file...
Generating FLIST file...
INFO:sim:948 - Finished FLIST file generation.
Moving files to output directory...
Finished moving files to output directory
Wrote CGP file for project 'coregen'.
